1656420311320:test
1656420390655:launchProduction 45 2
1656420395813:help
1656420408838:launch-production 45 6
1656420467124:launch-production 565 1
1656421591367:help
1656421598886:launch-production 565 1
1656422617786:help
1656422624510:launch-production 564 1
1656423139976:help
1656423146943:launch-production 654 1
1656423154725:shell:>
1656423159002:launch-production 564 1
1656423176986:launch-production 654 1
1656423193163:help
1656423217031:launch-production 564 1
1656423389630:launch-production 565 1
1656424640131:help
1656424647238:launch-production 565 1
1656425301795:launch-production 65 1
1656425552311:launch-production 64 1
1656425886988:launch-production 65 1
1656425966272:launch-production 64 1
1656426099576:[
1656426108946:]launch-production 45 1
1656426122243:launch-production 45 1
1656427114399:production 565 1
1656428253002:ls
1656428265305:production 565 1
1656428581127:production 64 1
1656429790064:production 565 1
1656430021799:[ {  "codeWorkUnit" : "W063",  "productOperations" : [ {    "codeArticle" : "P252421539",    "productQuantity" : 4,    "order" : 2  } ]}, {  "codeWorkUnit" : "W063",  "productOperations" : [ {    "codeArticle" : "P252421540",    "productQuantity" : 1,    "order" : 1  } ]}, {  "codeWorkUnit" : "W063",  "productOperations" : [ {    "codeArticle" : "P252421541",    "productQuantity" : 1,    "order" : 0  } ]} ]
1656430032073:production 565 1
1656430350899:[
1656430360419:]
1656430364175:production 656 1
1656430375156:production 565 1
1656430864405:production 64 1
1656431504893:[
1656431507439:]
1656431513603:production 565 1
1656431668349:production 64 1
1656433756839:production 565 1
1656433783546:production 201 1
1656434558956:64 1
1656434563946:production 64 1
1656437207641:production 565 1
1656437278180:production 100 1
1656437291911:production 110 1
1656437300297:production 430 1
1656437307812:production 563 1
1656437318005:production 123 1
1656437330515:production 124 1
1656437386391:production 64 1
1656437535152:f
1656437571478:production 565 1
1656437646786:production 564 1
1656437693783:production 565 1
1656437855901:production 64 1
1656437963738:production 564 1
1656437990697:production 64 1
1656525092786:production 564 1
1656525106532:production 565 1
1656525205075:production 565 4
1656525439738:production 565 1
1656525454071:production 565 3
1656525480547:production 64 1
1656593603929:production 565 1
1656593722870:production 64 1
1656594803020:production 64
1656594810678:production 64 1
